<?xml version="1.0" encoding="UTF-8"?>
<testsuite xmlns:xsi="http://www.w3.org/2001/XMLSchema-instance" xsi:noNamespaceSchemaLocation="https://maven.apache.org/surefire/maven-surefire-plugin/xsd/surefire-test-report.xsd" name="com.hms.usercourses.UserDAOImplTest" time="0.017" tests="5" errors="5" skipped="0" failures="0">
  <properties>
[...]
</properties>
  <testcase name="addUser" classname="com.hms.usercourses.UserDAOImplTest" time="0.006">
    <error type="java.lang.NullPointerException">java.lang.NullPointerException
	at com.hms.usercourses.UserDAOImplTest.addUser(UserDAOImplTest.java:45)
</error>
  </testcase>
  <testcase name="findUser" classname="com.hms.usercourses.UserDAOImplTest" time="0.001">
    <error type="java.lang.NullPointerException">java.lang.NullPointerException
	at com.hms.usercourses.UserDAOImplTest.findUser(UserDAOImplTest.java:22)
</error>
  </testcase>
  <testcase name="editUser" classname="com.hms.usercourses.UserDAOImplTest" time="0">
    <error type="java.lang.NullPointerException">java.lang.NullPointerException
	at com.hms.usercourses.UserDAOImplTest.editUser(UserDAOImplTest.java:52)
</error>
  </testcase>
  <testcase name="deleteUser" classname="com.hms.usercourses.UserDAOImplTest" time="0">
    <error type="java.lang.NullPointerException">java.lang.NullPointerException
	at com.hms.usercourses.UserDAOImplTest.deleteUser(UserDAOImplTest.java:65)
</error>
  </testcase>
  <testcase name="findAllUsers" classname="com.hms.usercourses.UserDAOImplTest" time="0.001">
    <error type="java.lang.NullPointerException">java.lang.NullPointerException
	at com.hms.usercourses.UserDAOImplTest.findAllUsers(UserDAOImplTest.java:29)
</error>
  </testcase>
</testsuite>